<?xml version="1.0" encoding="UTF-8"?>
<!-- Generated by org.testng.reporters.JUnitReportReporter -->
<testsuite skipped="0" hostname="LAPTOP-JTCB244A" name="com.catalog.tests.Loginpagenegativ" tests="1" failures="0" timestamp="12 Jul 2017 20:09:27 GMT" time="18.462" errors="0">
  <testcase name="clicklogyourselflink" time="18.462" classname="com.catalog.tests.Loginpagenegativ"/>
</testsuite> <!-- com.catalog.tests.Loginpagenegativ -->
