<?xml version="1.0" encoding="UTF-8"?>
<!-- Generated by org.testng.reporters.JUnitReportReporter -->
<testsuite skipped="0" hostname="LAPTOP-JTCB244A" name="com.testngpractice.Loginpage" tests="1" failures="0" timestamp="04 May 2017 00:33:26 GMT" time="11.002" errors="0">
  <testcase name="testcase" time="11.002" classname="com.testngpractice.Loginpage"/>
</testsuite> <!-- com.testngpractice.Loginpage -->
