<?xml version="1.0" encoding="UTF-8"?>
<!-- Generated by org.testng.reporters.JUnitReportReporter -->
<testsuite skipped="0" hostname="LAPTOP-JTCB244A" name="com.catalog.tests.SignInTests" tests="1" failures="0" timestamp="21 Jul 2017 21:55:45 GMT" time="17.175" errors="0">
  <testcase name="Login_01" time="17.175" classname="com.catalog.tests.SignInTests"/>
</testsuite> <!-- com.catalog.tests.SignInTests -->
