<?xml version="1.0" encoding="UTF-8"?>
<!-- Generated by org.testng.reporters.JUnitReportReporter -->
<testsuite skipped="0" hostname="LAPTOP-JTCB244A" name="com.maven.Javanet" tests="2" failures="0" timestamp="08 May 2017 18:23:17 GMT" time="26.245" errors="0">
  <testcase name="logoff" time="12.461" classname="com.maven.Javanet"/>
  <testcase name="logoff" time="13.784" classname="com.maven.Javanet"/>
</testsuite> <!-- com.maven.Javanet -->
