<?xml version="1.0" encoding="UTF-8"?>
<!-- Generated by org.testng.reporters.JUnitReportReporter -->
<testsuite hostname="LAPTOP-JTCB244A" name="com.testngpractice.Loginpage" tests="1" failures="0" timestamp="4 May 2017 20:47:29 GMT" time="7.548" errors="0">
  <testcase name="testcase" time="7.548" classname="com.testngpractice.Loginpage"/>
</testsuite> <!-- com.testngpractice.Loginpage -->
