<?xml version="1.0" encoding="UTF-8"?>
<!-- Generated by org.testng.reporters.JUnitReportReporter -->
<testsuite hostname="LAPTOP-JTCB244A" name="com.catalog.tests.SignInTests" tests="1" failures="0" timestamp="24 Jul 2017 22:19:16 GMT" time="15.447" errors="0">
  <testcase name="Login_01" time="15.447" classname="com.catalog.tests.SignInTests"/>
</testsuite> <!-- com.catalog.tests.SignInTests -->
