<?xml version="1.0" encoding="UTF-8"?>
<!-- Generated by org.testng.reporters.JUnitReportReporter -->
<testsuite hostname="LAPTOP-JTCB244A" name="com.maven.Javanet" tests="1" failures="0" timestamp="4 May 2017 20:47:29 GMT" time="10.241" errors="0">
  <testcase name="logoff" time="10.241" classname="com.maven.Javanet"/>
</testsuite> <!-- com.maven.Javanet -->
